[2016-03-30 16:23:06] local.ERROR: exception 'PDOException' with message 'SQLSTATE[HY000] [2002] No such file or directory' in /usr/local/nginx/html/laravel5/vendor/laravel/framework/src/Illuminate/Database/Connectors/Connector.php:47
Stack trace:
#0 /usr/local/nginx/html/laravel5/vendor/laravel/framework/src/Illuminate/Database/Connectors/Connector.php(47): PDO->__construct('mysql:host=loca...', 'homestead', 'secret', Array)
#1 /usr/local/nginx/html/laravel5/vendor/laravel/framework/src/Illuminate/Database/Connectors/MySqlConnector.php(20): Illuminate\Database\Connectors\Connector->createConnection('mysql:host=loca...', Array, Array)
#2 /usr/local/nginx/html/laravel5/vendor/compiled.php(10673): Illuminate\Database\Connectors\MySqlConnector->connect(Array)
#3 /usr/local/nginx/html/laravel5/vendor/compiled.php(10669): Illuminate\Database\Connectors\ConnectionFactory->createSingleConnection(Array)
#4 /usr/local/nginx/html/laravel5/vendor/compiled.php(10587): Illuminate\Database\Connectors\ConnectionFactory->make(Array, 'mysql')
#5 /usr/local/nginx/html/laravel5/vendor/compiled.php(10542): Illuminate\Database\DatabaseManager->makeConnection('mysql')
#6 /usr/local/nginx/html/laravel5/vendor/compiled.php(10434): Illuminate\Database\DatabaseManager->connection(NULL)
#7 /usr/local/nginx/html/laravel5/vendor/compiled.php(10421): Illuminate\Database\Eloquent\Model::resolveConnection(NULL)
#8 /usr/local/nginx/html/laravel5/vendor/compiled.php(9921): Illuminate\Database\Eloquent\Model->getConnection()
#9 /usr/local/nginx/html/laravel5/vendor/compiled.php(9898): Illuminate\Database\Eloquent\Model->newBaseQueryBuilder()
#10 /usr/local/nginx/html/laravel5/vendor/compiled.php(9888): Illuminate\Database\Eloquent\Model->newQueryWithoutScopes()
#11 /usr/local/nginx/html/laravel5/vendor/compiled.php(718): Illuminate\Database\Eloquent\Model->newQuery()
#12 /usr/local/nginx/html/laravel5/vendor/compiled.php(514): Illuminate\Auth\EloquentUserProvider->retrieveByCredentials(Array)
#13 /usr/local/nginx/html/laravel5/vendor/compiled.php(1985): Illuminate\Auth\Guard->attempt(Array, false)
#14 [internal function]: App\Http\Controllers\Auth\AuthController->postLogin(Object(Illuminate\Http\Request))
#15 /usr/local/nginx/html/laravel5/vendor/compiled.php(8287): call_user_func_array(Array, Array)
#16 /usr/local/nginx/html/laravel5/vendor/compiled.php(8354): Illuminate\Routing\Controller->callAction('postLogin', Array)
#17 /usr/local/nginx/html/laravel5/vendor/compiled.php(8333): Illuminate\Routing\ControllerDispatcher->call(Object(App\Http\Controllers\Auth\AuthController), Object(Illuminate\Routing\Route), 'postLogin')
#18 [internal function]: Illuminate\Routing\ControllerDispatcher->Illuminate\Routing\{closure}(Object(Illuminate\Http\Request))
#19 /usr/local/nginx/html/laravel5/vendor/compiled.php(8952): call_user_func(Object(Closure), Object(Illuminate\Http\Request))
#20 /usr/local/nginx/html/laravel5/app/Http/Middleware/RedirectIfAuthenticated.php(41): Illuminate\Pipeline\Pipeline->Illuminate\Pipeline\{closure}(Object(Illuminate\Http\Request))
#21 /usr/local/nginx/html/laravel5/vendor/compiled.php(8944): App\Http\Middleware\RedirectIfAuthenticated->handle(Object(Illuminate\Http\Request), Object(Closure))
#22 [internal function]: Illuminate\Pipeline\Pipeline->Illuminate\Pipeline\{closure}(Object(Illuminate\Http\Request))
#23 /usr/local/nginx/html/laravel5/vendor/compiled.php(8935): call_user_func(Object(Closure), Object(Illuminate\Http\Request))
#24 /usr/local/nginx/html/laravel5/vendor/compiled.php(8334): Illuminate\Pipeline\Pipeline->then(Object(Closure))
#25 /usr/local/nginx/html/laravel5/vendor/compiled.php(8320): Illuminate\Routing\ControllerDispatcher->callWithinStack(Object(App\Http\Controllers\Auth\AuthController), Object(Illuminate\Routing\Route), Object(Illuminate\Http\Request), 'postLogin')
#26 /usr/local/nginx/html/laravel5/vendor/compiled.php(7317): Illuminate\Routing\ControllerDispatcher->dispatch(Object(Illuminate\Routing\Route), Object(Illuminate\Http\Request), 'App\\Http\\Contro...', 'postLogin')
#27 /usr/local/nginx/html/laravel5/vendor/compiled.php(7288): Illuminate\Routing\Route->runWithCustomDispatcher(Object(Illuminate\Http\Request))
#28 /usr/local/nginx/html/laravel5/vendor/compiled.php(6954): Illuminate\Routing\Route->run(Object(Illuminate\Http\Request))
#29 [internal function]: Illuminate\Routing\Router->Illuminate\Routing\{closure}(Object(Illuminate\Http\Request))
#30 /usr/local/nginx/html/laravel5/vendor/compiled.php(8952): call_user_func(Object(Closure), Object(Illuminate\Http\Request))
#31 [internal function]: Illuminate\Pipeline\Pipeline->Illuminate\Pipeline\{closure}(Object(Illuminate\Http\Request))
#32 /usr/local/nginx/html/laravel5/vendor/compiled.php(8935): call_user_func(Object(Closure), Object(Illuminate\Http\Request))
#33 /usr/local/nginx/html/laravel5/vendor/compiled.php(6955): Illuminate\Pipeline\Pipeline->then(Object(Closure))
#34 /usr/local/nginx/html/laravel5/vendor/compiled.php(6944): Illuminate\Routing\Router->runRouteWithinStack(Object(Illuminate\Routing\Route), Object(Illuminate\Http\Request))
#35 /usr/local/nginx/html/laravel5/vendor/compiled.php(6929): Illuminate\Routing\Router->dispatchToRoute(Object(Illuminate\Http\Request))
#36 /usr/local/nginx/html/laravel5/vendor/compiled.php(1935): Illuminate\Routing\Router->dispatch(Object(Illuminate\Http\Request))
#37 [internal function]: Illuminate\Foundation\Http\Kernel->Illuminate\Foundation\Http\{closure}(Object(Illuminate\Http\Request))
#38 /usr/local/nginx/html/laravel5/vendor/compiled.php(8952): call_user_func(Object(Closure), Object(Illuminate\Http\Request))
#39 /usr/local/nginx/html/laravel5/vendor/compiled.php(2438): Illuminate\Pipeline\Pipeline->Illuminate\Pipeline\{closure}(Object(Illuminate\Http\Request))
#40 /usr/local/nginx/html/laravel5/app/Http/Middleware/VerifyCsrfToken.php(17): Illuminate\Foundation\Http\Middleware\VerifyCsrfToken->handle(Object(Illuminate\Http\Request), Object(Closure))
#41 /usr/local/nginx/html/laravel5/vendor/compiled.php(8944): App\Http\Middleware\VerifyCsrfToken->handle(Object(Illuminate\Http\Request), Object(Closure))
#42 /usr/local/nginx/html/laravel5/vendor/compiled.php(12083): Illuminate\Pipeline\Pipeline->Illuminate\Pipeline\{closure}(Object(Illuminate\Http\Request))
#43 /usr/local/nginx/html/laravel5/vendor/compiled.php(8944): Illuminate\View\Middleware\ShareErrorsFromSession->handle(Object(Illuminate\Http\Request), Object(Closure))
#44 /usr/local/nginx/html/laravel5/vendor/compiled.php(10785): Illuminate\Pipeline\Pipeline->Illuminate\Pipeline\{closure}(Object(Illuminate\Http\Request))
#45 /usr/local/nginx/html/laravel5/vendor/compiled.php(8944): Illuminate\Session\Middleware\StartSession->handle(Object(Illuminate\Http\Request), Object(Closure))
#46 /usr/local/nginx/html/laravel5/vendor/compiled.php(11789): Illuminate\Pipeline\Pipeline->Illuminate\Pipeline\{closure}(Object(Illuminate\Http\Request))
#47 /usr/local/nginx/html/laravel5/vendor/compiled.php(8944): Illuminate\Cookie\Middleware\AddQueuedCookiesToResponse->handle(Object(Illuminate\Http\Request), Object(Closure))
#48 /usr/local/nginx/html/laravel5/vendor/compiled.php(11738): Illuminate\Pipeline\Pipeline->Illuminate\Pipeline\{closure}(Object(Illuminate\Http\Request))
#49 /usr/local/nginx/html/laravel5/vendor/compiled.php(8944): Illuminate\Cookie\Middleware\EncryptCookies->handle(Object(Illuminate\Http\Request), Object(Closure))
#50 /usr/local/nginx/html/laravel5/vendor/compiled.php(2478): Illuminate\Pipeline\Pipeline->Illuminate\Pipeline\{closure}(Object(Illuminate\Http\Request))
#51 /usr/local/nginx/html/laravel5/vendor/compiled.php(8944): Illuminate\Foundation\Http\Middleware\CheckForMaintenanceMode->handle(Object(Illuminate\Http\Request), Object(Closure))
#52 [internal function]: Illuminate\Pipeline\Pipeline->Illuminate\Pipeline\{closure}(Object(Illuminate\Http\Request))
#53 /usr/local/nginx/html/laravel5/vendor/compiled.php(8935): call_user_func(Object(Closure), Object(Illuminate\Http\Request))
#54 /usr/local/nginx/html/laravel5/vendor/compiled.php(1891): Illuminate\Pipeline\Pipeline->then(Object(Closure))
#55 /usr/local/nginx/html/laravel5/vendor/compiled.php(1880): Illuminate\Foundation\Http\Kernel->sendRequestThroughRouter(Object(Illuminate\Http\Request))
#56 /usr/local/nginx/html/laravel5/public/index.php(53): Illuminate\Foundation\Http\Kernel->handle(Object(Illuminate\Http\Request))
#57 {main}  
[2016-03-30 16:24:46] local.ERROR: exception 'PDOException' with message 'SQLSTATE[HY000] [2002] No such file or directory' in /usr/local/nginx/html/laravel5/vendor/laravel/framework/src/Illuminate/Database/Connectors/Connector.php:47
Stack trace:
#0 /usr/local/nginx/html/laravel5/vendor/laravel/framework/src/Illuminate/Database/Connectors/Connector.php(47): PDO->__construct('mysql:host=loca...', 'root', '123456', Array)
#1 /usr/local/nginx/html/laravel5/vendor/laravel/framework/src/Illuminate/Database/Connectors/MySqlConnector.php(20): Illuminate\Database\Connectors\Connector->createConnection('mysql:host=loca...', Array, Array)
#2 /usr/local/nginx/html/laravel5/vendor/compiled.php(10673): Illuminate\Database\Connectors\MySqlConnector->connect(Array)
#3 /usr/local/nginx/html/laravel5/vendor/compiled.php(10669): Illuminate\Database\Connectors\ConnectionFactory->createSingleConnection(Array)
#4 /usr/local/nginx/html/laravel5/vendor/compiled.php(10587): Illuminate\Database\Connectors\ConnectionFactory->make(Array, 'mysql')
#5 /usr/local/nginx/html/laravel5/vendor/compiled.php(10542): Illuminate\Database\DatabaseManager->makeConnection('mysql')
#6 /usr/local/nginx/html/laravel5/vendor/laravel/framework/src/Illuminate/Database/Migrations/DatabaseMigrationRepository.php(167): Illuminate\Database\DatabaseManager->connection(NULL)
#7 /usr/local/nginx/html/laravel5/vendor/laravel/framework/src/Illuminate/Database/Migrations/DatabaseMigrationRepository.php(135): Illuminate\Database\Migrations\DatabaseMigrationRepository->getConnection()
#8 /usr/local/nginx/html/laravel5/vendor/laravel/framework/src/Illuminate/Database/Migrations/Migrator.php(371): Illuminate\Database\Migrations\DatabaseMigrationRepository->repositoryExists()
#9 /usr/local/nginx/html/laravel5/vendor/laravel/framework/src/Illuminate/Database/Console/Migrations/MigrateCommand.php(101): Illuminate\Database\Migrations\Migrator->repositoryExists()
#10 /usr/local/nginx/html/laravel5/vendor/laravel/framework/src/Illuminate/Database/Console/Migrations/MigrateCommand.php(54): Illuminate\Database\Console\Migrations\MigrateCommand->prepareDatabase()
#11 [internal function]: Illuminate\Database\Console\Migrations\MigrateCommand->fire()
#12 /usr/local/nginx/html/laravel5/vendor/compiled.php(925): call_user_func_array(Array, Array)
#13 /usr/local/nginx/html/laravel5/vendor/laravel/framework/src/Illuminate/Console/Command.php(115): Illuminate\Container\Container->call(Array)
#14 /usr/local/nginx/html/laravel5/vendor/symfony/console/Symfony/Component/Console/Command/Command.php(253): Illuminate\Console\Command->execute(Object(Symfony\Component\Console\Input\ArgvInput), Object(Symfony\Component\Console\Output\ConsoleOutput))
#15 /usr/local/nginx/html/laravel5/vendor/laravel/framework/src/Illuminate/Console/Command.php(101): Symfony\Component\Console\Command\Command->run(Object(Symfony\Component\Console\Input\ArgvInput), Object(Symfony\Component\Console\Output\ConsoleOutput))
#16 /usr/local/nginx/html/laravel5/vendor/symfony/console/Symfony/Component/Console/Application.php(874): Illuminate\Console\Command->run(Object(Symfony\Component\Console\Input\ArgvInput), Object(Symfony\Component\Console\Output\ConsoleOutput))
#17 /usr/local/nginx/html/laravel5/vendor/symfony/console/Symfony/Component/Console/Application.php(195): Symfony\Component\Console\Application->doRunCommand(Object(Illuminate\Database\Console\Migrations\MigrateCommand), Object(Symfony\Component\Console\Input\ArgvInput), Object(Symfony\Component\Console\Output\ConsoleOutput))
#18 /usr/local/nginx/html/laravel5/vendor/symfony/console/Symfony/Component/Console/Application.php(126): Symfony\Component\Console\Application->doRun(Object(Symfony\Component\Console\Input\ArgvInput), Object(Symfony\Component\Console\Output\ConsoleOutput))
#19 /usr/local/nginx/html/laravel5/vendor/laravel/framework/src/Illuminate/Foundation/Console/Kernel.php(90): Symfony\Component\Console\Application->run(Object(Symfony\Component\Console\Input\ArgvInput), Object(Symfony\Component\Console\Output\ConsoleOutput))
#20 /usr/local/nginx/html/laravel5/artisan(36): Illuminate\Foundation\Console\Kernel->handle(Object(Symfony\Component\Console\Input\ArgvInput), Object(Symfony\Component\Console\Output\ConsoleOutput))
#21 {main}  
[2016-03-30 16:25:51] local.ERROR: exception 'PDOException' with message 'SQLSTATE[HY000] [1049] Unknown database 'laravel5'' in /usr/local/nginx/html/laravel5/vendor/laravel/framework/src/Illuminate/Database/Connectors/Connector.php:47
Stack trace:
#0 /usr/local/nginx/html/laravel5/vendor/laravel/framework/src/Illuminate/Database/Connectors/Connector.php(47): PDO->__construct('mysql:host=loca...', 'root', '123456', Array)
#1 /usr/local/nginx/html/laravel5/vendor/laravel/framework/src/Illuminate/Database/Connectors/MySqlConnector.php(20): Illuminate\Database\Connectors\Connector->createConnection('mysql:host=loca...', Array, Array)
#2 /usr/local/nginx/html/laravel5/vendor/compiled.php(10673): Illuminate\Database\Connectors\MySqlConnector->connect(Array)
#3 /usr/local/nginx/html/laravel5/vendor/compiled.php(10669): Illuminate\Database\Connectors\ConnectionFactory->createSingleConnection(Array)
#4 /usr/local/nginx/html/laravel5/vendor/compiled.php(10587): Illuminate\Database\Connectors\ConnectionFactory->make(Array, 'mysql')
#5 /usr/local/nginx/html/laravel5/vendor/compiled.php(10542): Illuminate\Database\DatabaseManager->makeConnection('mysql')
#6 /usr/local/nginx/html/laravel5/vendor/laravel/framework/src/Illuminate/Database/Migrations/DatabaseMigrationRepository.php(167): Illuminate\Database\DatabaseManager->connection(NULL)
#7 /usr/local/nginx/html/laravel5/vendor/laravel/framework/src/Illuminate/Database/Migrations/DatabaseMigrationRepository.php(135): Illuminate\Database\Migrations\DatabaseMigrationRepository->getConnection()
#8 /usr/local/nginx/html/laravel5/vendor/laravel/framework/src/Illuminate/Database/Migrations/Migrator.php(371): Illuminate\Database\Migrations\DatabaseMigrationRepository->repositoryExists()
#9 /usr/local/nginx/html/laravel5/vendor/laravel/framework/src/Illuminate/Database/Console/Migrations/MigrateCommand.php(101): Illuminate\Database\Migrations\Migrator->repositoryExists()
#10 /usr/local/nginx/html/laravel5/vendor/laravel/framework/src/Illuminate/Database/Console/Migrations/MigrateCommand.php(54): Illuminate\Database\Console\Migrations\MigrateCommand->prepareDatabase()
#11 [internal function]: Illuminate\Database\Console\Migrations\MigrateCommand->fire()
#12 /usr/local/nginx/html/laravel5/vendor/compiled.php(925): call_user_func_array(Array, Array)
#13 /usr/local/nginx/html/laravel5/vendor/laravel/framework/src/Illuminate/Console/Command.php(115): Illuminate\Container\Container->call(Array)
#14 /usr/local/nginx/html/laravel5/vendor/symfony/console/Symfony/Component/Console/Command/Command.php(253): Illuminate\Console\Command->execute(Object(Symfony\Component\Console\Input\ArgvInput), Object(Symfony\Component\Console\Output\ConsoleOutput))
#15 /usr/local/nginx/html/laravel5/vendor/laravel/framework/src/Illuminate/Console/Command.php(101): Symfony\Component\Console\Command\Command->run(Object(Symfony\Component\Console\Input\ArgvInput), Object(Symfony\Component\Console\Output\ConsoleOutput))
#16 /usr/local/nginx/html/laravel5/vendor/symfony/console/Symfony/Component/Console/Application.php(874): Illuminate\Console\Command->run(Object(Symfony\Component\Console\Input\ArgvInput), Object(Symfony\Component\Console\Output\ConsoleOutput))
#17 /usr/local/nginx/html/laravel5/vendor/symfony/console/Symfony/Component/Console/Application.php(195): Symfony\Component\Console\Application->doRunCommand(Object(Illuminate\Database\Console\Migrations\MigrateCommand), Object(Symfony\Component\Console\Input\ArgvInput), Object(Symfony\Component\Console\Output\ConsoleOutput))
#18 /usr/local/nginx/html/laravel5/vendor/symfony/console/Symfony/Component/Console/Application.php(126): Symfony\Component\Console\Application->doRun(Object(Symfony\Component\Console\Input\ArgvInput), Object(Symfony\Component\Console\Output\ConsoleOutput))
#19 /usr/local/nginx/html/laravel5/vendor/laravel/framework/src/Illuminate/Foundation/Console/Kernel.php(90): Symfony\Component\Console\Application->run(Object(Symfony\Component\Console\Input\ArgvInput), Object(Symfony\Component\Console\Output\ConsoleOutput))
#20 /usr/local/nginx/html/laravel5/artisan(36): Illuminate\Foundation\Console\Kernel->handle(Object(Symfony\Component\Console\Input\ArgvInput), Object(Symfony\Component\Console\Output\ConsoleOutput))
#21 {main}  
[2016-03-30 16:56:17] local.ERROR: exception 'InvalidArgumentException' with message 'View [admin.pages.create] not found.' in /usr/local/nginx/html/laravel5/vendor/compiled.php:12898
Stack trace:
#0 /usr/local/nginx/html/laravel5/vendor/compiled.php(12871): Illuminate\View\FileViewFinder->findInPaths('admin.pages.cre...', Array)
#1 /usr/local/nginx/html/laravel5/vendor/compiled.php(12996): Illuminate\View\FileViewFinder->find('admin.pages.cre...')
#2 /usr/local/nginx/html/laravel5/vendor/laravel/framework/src/Illuminate/Foundation/helpers.php(565): Illuminate\View\Factory->make('admin.pages.cre...', Array, Array)
#3 /usr/local/nginx/html/laravel5/app/Http/Controllers/Admin/PagesController.php(21): view('admin.pages.cre...')
#4 [internal function]: App\Http\Controllers\Admin\PagesController->create()
#5 /usr/local/nginx/html/laravel5/vendor/compiled.php(8287): call_user_func_array(Array, Array)
#6 /usr/local/nginx/html/laravel5/vendor/compiled.php(8354): Illuminate\Routing\Controller->callAction('create', Array)
#7 /usr/local/nginx/html/laravel5/vendor/compiled.php(8333): Illuminate\Routing\ControllerDispatcher->call(Object(App\Http\Controllers\Admin\PagesController), Object(Illuminate\Routing\Route), 'create')
#8 [internal function]: Illuminate\Routing\ControllerDispatcher->Illuminate\Routing\{closure}(Object(Illuminate\Http\Request))
#9 /usr/local/nginx/html/laravel5/vendor/compiled.php(8952): call_user_func(Object(Closure), Object(Illuminate\Http\Request))
#10 [internal function]: Illuminate\Pipeline\Pipeline->Illuminate\Pipeline\{closure}(Object(Illuminate\Http\Request))
#11 /usr/local/nginx/html/laravel5/vendor/compiled.php(8935): call_user_func(Object(Closure), Object(Illuminate\Http\Request))
#12 /usr/local/nginx/html/laravel5/vendor/compiled.php(8334): Illuminate\Pipeline\Pipeline->then(Object(Closure))
#13 /usr/local/nginx/html/laravel5/vendor/compiled.php(8320): Illuminate\Routing\ControllerDispatcher->callWithinStack(Object(App\Http\Controllers\Admin\PagesController), Object(Illuminate\Routing\Route), Object(Illuminate\Http\Request), 'create')
#14 /usr/local/nginx/html/laravel5/vendor/compiled.php(7317): Illuminate\Routing\ControllerDispatcher->dispatch(Object(Illuminate\Routing\Route), Object(Illuminate\Http\Request), 'App\\Http\\Contro...', 'create')
#15 /usr/local/nginx/html/laravel5/vendor/compiled.php(7288): Illuminate\Routing\Route->runWithCustomDispatcher(Object(Illuminate\Http\Request))
#16 /usr/local/nginx/html/laravel5/vendor/compiled.php(6954): Illuminate\Routing\Route->run(Object(Illuminate\Http\Request))
#17 [internal function]: Illuminate\Routing\Router->Illuminate\Routing\{closure}(Object(Illuminate\Http\Request))
#18 /usr/local/nginx/html/laravel5/vendor/compiled.php(8952): call_user_func(Object(Closure), Object(Illuminate\Http\Request))
#19 /usr/local/nginx/html/laravel5/app/Http/Middleware/Authenticate.php(47): Illuminate\Pipeline\Pipeline->Illuminate\Pipeline\{closure}(Object(Illuminate\Http\Request))
#20 /usr/local/nginx/html/laravel5/vendor/compiled.php(8944): App\Http\Middleware\Authenticate->handle(Object(Illuminate\Http\Request), Object(Closure))
#21 [internal function]: Illuminate\Pipeline\Pipeline->Illuminate\Pipeline\{closure}(Object(Illuminate\Http\Request))
#22 /usr/local/nginx/html/laravel5/vendor/compiled.php(8935): call_user_func(Object(Closure), Object(Illuminate\Http\Request))
#23 /usr/local/nginx/html/laravel5/vendor/compiled.php(6955): Illuminate\Pipeline\Pipeline->then(Object(Closure))
#24 /usr/local/nginx/html/laravel5/vendor/compiled.php(6944): Illuminate\Routing\Router->runRouteWithinStack(Object(Illuminate\Routing\Route), Object(Illuminate\Http\Request))
#25 /usr/local/nginx/html/laravel5/vendor/compiled.php(6929): Illuminate\Routing\Router->dispatchToRoute(Object(Illuminate\Http\Request))
#26 /usr/local/nginx/html/laravel5/vendor/compiled.php(1935): Illuminate\Routing\Router->dispatch(Object(Illuminate\Http\Request))
#27 [internal function]: Illuminate\Foundation\Http\Kernel->Illuminate\Foundation\Http\{closure}(Object(Illuminate\Http\Request))
#28 /usr/local/nginx/html/laravel5/vendor/compiled.php(8952): call_user_func(Object(Closure), Object(Illuminate\Http\Request))
#29 /usr/local/nginx/html/laravel5/vendor/compiled.php(2438): Illuminate\Pipeline\Pipeline->Illuminate\Pipeline\{closure}(Object(Illuminate\Http\Request))
#30 /usr/local/nginx/html/laravel5/app/Http/Middleware/VerifyCsrfToken.php(17): Illuminate\Foundation\Http\Middleware\VerifyCsrfToken->handle(Object(Illuminate\Http\Request), Object(Closure))
#31 /usr/local/nginx/html/laravel5/vendor/compiled.php(8944): App\Http\Middleware\VerifyCsrfToken->handle(Object(Illuminate\Http\Request), Object(Closure))
#32 /usr/local/nginx/html/laravel5/vendor/compiled.php(12083): Illuminate\Pipeline\Pipeline->Illuminate\Pipeline\{closure}(Object(Illuminate\Http\Request))
#33 /usr/local/nginx/html/laravel5/vendor/compiled.php(8944): Illuminate\View\Middleware\ShareErrorsFromSession->handle(Object(Illuminate\Http\Request), Object(Closure))
#34 /usr/local/nginx/html/laravel5/vendor/compiled.php(10785): Illuminate\Pipeline\Pipeline->Illuminate\Pipeline\{closure}(Object(Illuminate\Http\Request))
#35 /usr/local/nginx/html/laravel5/vendor/compiled.php(8944): Illuminate\Session\Middleware\StartSession->handle(Object(Illuminate\Http\Request), Object(Closure))
#36 /usr/local/nginx/html/laravel5/vendor/compiled.php(11789): Illuminate\Pipeline\Pipeline->Illuminate\Pipeline\{closure}(Object(Illuminate\Http\Request))
#37 /usr/local/nginx/html/laravel5/vendor/compiled.php(8944): Illuminate\Cookie\Middleware\AddQueuedCookiesToResponse->handle(Object(Illuminate\Http\Request), Object(Closure))
#38 /usr/local/nginx/html/laravel5/vendor/compiled.php(11738): Illuminate\Pipeline\Pipeline->Illuminate\Pipeline\{closure}(Object(Illuminate\Http\Request))
#39 /usr/local/nginx/html/laravel5/vendor/compiled.php(8944): Illuminate\Cookie\Middleware\EncryptCookies->handle(Object(Illuminate\Http\Request), Object(Closure))
#40 /usr/local/nginx/html/laravel5/vendor/compiled.php(2478): Illuminate\Pipeline\Pipeline->Illuminate\Pipeline\{closure}(Object(Illuminate\Http\Request))
#41 /usr/local/nginx/html/laravel5/vendor/compiled.php(8944): Illuminate\Foundation\Http\Middleware\CheckForMaintenanceMode->handle(Object(Illuminate\Http\Request), Object(Closure))
#42 [internal function]: Illuminate\Pipeline\Pipeline->Illuminate\Pipeline\{closure}(Object(Illuminate\Http\Request))
#43 /usr/local/nginx/html/laravel5/vendor/compiled.php(8935): call_user_func(Object(Closure), Object(Illuminate\Http\Request))
#44 /usr/local/nginx/html/laravel5/vendor/compiled.php(1891): Illuminate\Pipeline\Pipeline->then(Object(Closure))
#45 /usr/local/nginx/html/laravel5/vendor/compiled.php(1880): Illuminate\Foundation\Http\Kernel->sendRequestThroughRouter(Object(Illuminate\Http\Request))
#46 /usr/local/nginx/html/laravel5/public/index.php(53): Illuminate\Foundation\Http\Kernel->handle(Object(Illuminate\Http\Request))
#47 {main}  
[2016-03-30 16:56:25] local.ERROR: exception 'InvalidArgumentException' with message 'View [admin.pages.edit] not found.' in /usr/local/nginx/html/laravel5/vendor/compiled.php:12898
Stack trace:
#0 /usr/local/nginx/html/laravel5/vendor/compiled.php(12871): Illuminate\View\FileViewFinder->findInPaths('admin.pages.edi...', Array)
#1 /usr/local/nginx/html/laravel5/vendor/compiled.php(12996): Illuminate\View\FileViewFinder->find('admin.pages.edi...')
#2 /usr/local/nginx/html/laravel5/vendor/laravel/framework/src/Illuminate/Foundation/helpers.php(565): Illuminate\View\Factory->make('admin.pages.edi...', Array, Array)
#3 /usr/local/nginx/html/laravel5/app/Http/Controllers/Admin/PagesController.php(57): view('admin.pages.edi...')
#4 [internal function]: App\Http\Controllers\Admin\PagesController->edit('1')
#5 /usr/local/nginx/html/laravel5/vendor/compiled.php(8287): call_user_func_array(Array, Array)
#6 /usr/local/nginx/html/laravel5/vendor/compiled.php(8354): Illuminate\Routing\Controller->callAction('edit', Array)
#7 /usr/local/nginx/html/laravel5/vendor/compiled.php(8333): Illuminate\Routing\ControllerDispatcher->call(Object(App\Http\Controllers\Admin\PagesController), Object(Illuminate\Routing\Route), 'edit')
#8 [internal function]: Illuminate\Routing\ControllerDispatcher->Illuminate\Routing\{closure}(Object(Illuminate\Http\Request))
#9 /usr/local/nginx/html/laravel5/vendor/compiled.php(8952): call_user_func(Object(Closure), Object(Illuminate\Http\Request))
#10 [internal function]: Illuminate\Pipeline\Pipeline->Illuminate\Pipeline\{closure}(Object(Illuminate\Http\Request))
#11 /usr/local/nginx/html/laravel5/vendor/compiled.php(8935): call_user_func(Object(Closure), Object(Illuminate\Http\Request))
#12 /usr/local/nginx/html/laravel5/vendor/compiled.php(8334): Illuminate\Pipeline\Pipeline->then(Object(Closure))
#13 /usr/local/nginx/html/laravel5/vendor/compiled.php(8320): Illuminate\Routing\ControllerDispatcher->callWithinStack(Object(App\Http\Controllers\Admin\PagesController), Object(Illuminate\Routing\Route), Object(Illuminate\Http\Request), 'edit')
#14 /usr/local/nginx/html/laravel5/vendor/compiled.php(7317): Illuminate\Routing\ControllerDispatcher->dispatch(Object(Illuminate\Routing\Route), Object(Illuminate\Http\Request), 'App\\Http\\Contro...', 'edit')
#15 /usr/local/nginx/html/laravel5/vendor/compiled.php(7288): Illuminate\Routing\Route->runWithCustomDispatcher(Object(Illuminate\Http\Request))
#16 /usr/local/nginx/html/laravel5/vendor/compiled.php(6954): Illuminate\Routing\Route->run(Object(Illuminate\Http\Request))
#17 [internal function]: Illuminate\Routing\Router->Illuminate\Routing\{closure}(Object(Illuminate\Http\Request))
#18 /usr/local/nginx/html/laravel5/vendor/compiled.php(8952): call_user_func(Object(Closure), Object(Illuminate\Http\Request))
#19 /usr/local/nginx/html/laravel5/app/Http/Middleware/Authenticate.php(47): Illuminate\Pipeline\Pipeline->Illuminate\Pipeline\{closure}(Object(Illuminate\Http\Request))
#20 /usr/local/nginx/html/laravel5/vendor/compiled.php(8944): App\Http\Middleware\Authenticate->handle(Object(Illuminate\Http\Request), Object(Closure))
#21 [internal function]: Illuminate\Pipeline\Pipeline->Illuminate\Pipeline\{closure}(Object(Illuminate\Http\Request))
#22 /usr/local/nginx/html/laravel5/vendor/compiled.php(8935): call_user_func(Object(Closure), Object(Illuminate\Http\Request))
#23 /usr/local/nginx/html/laravel5/vendor/compiled.php(6955): Illuminate\Pipeline\Pipeline->then(Object(Closure))
#24 /usr/local/nginx/html/laravel5/vendor/compiled.php(6944): Illuminate\Routing\Router->runRouteWithinStack(Object(Illuminate\Routing\Route), Object(Illuminate\Http\Request))
#25 /usr/local/nginx/html/laravel5/vendor/compiled.php(6929): Illuminate\Routing\Router->dispatchToRoute(Object(Illuminate\Http\Request))
#26 /usr/local/nginx/html/laravel5/vendor/compiled.php(1935): Illuminate\Routing\Router->dispatch(Object(Illuminate\Http\Request))
#27 [internal function]: Illuminate\Foundation\Http\Kernel->Illuminate\Foundation\Http\{closure}(Object(Illuminate\Http\Request))
#28 /usr/local/nginx/html/laravel5/vendor/compiled.php(8952): call_user_func(Object(Closure), Object(Illuminate\Http\Request))
#29 /usr/local/nginx/html/laravel5/vendor/compiled.php(2438): Illuminate\Pipeline\Pipeline->Illuminate\Pipeline\{closure}(Object(Illuminate\Http\Request))
#30 /usr/local/nginx/html/laravel5/app/Http/Middleware/VerifyCsrfToken.php(17): Illuminate\Foundation\Http\Middleware\VerifyCsrfToken->handle(Object(Illuminate\Http\Request), Object(Closure))
#31 /usr/local/nginx/html/laravel5/vendor/compiled.php(8944): App\Http\Middleware\VerifyCsrfToken->handle(Object(Illuminate\Http\Request), Object(Closure))
#32 /usr/local/nginx/html/laravel5/vendor/compiled.php(12083): Illuminate\Pipeline\Pipeline->Illuminate\Pipeline\{closure}(Object(Illuminate\Http\Request))
#33 /usr/local/nginx/html/laravel5/vendor/compiled.php(8944): Illuminate\View\Middleware\ShareErrorsFromSession->handle(Object(Illuminate\Http\Request), Object(Closure))
#34 /usr/local/nginx/html/laravel5/vendor/compiled.php(10785): Illuminate\Pipeline\Pipeline->Illuminate\Pipeline\{closure}(Object(Illuminate\Http\Request))
#35 /usr/local/nginx/html/laravel5/vendor/compiled.php(8944): Illuminate\Session\Middleware\StartSession->handle(Object(Illuminate\Http\Request), Object(Closure))
#36 /usr/local/nginx/html/laravel5/vendor/compiled.php(11789): Illuminate\Pipeline\Pipeline->Illuminate\Pipeline\{closure}(Object(Illuminate\Http\Request))
#37 /usr/local/nginx/html/laravel5/vendor/compiled.php(8944): Illuminate\Cookie\Middleware\AddQueuedCookiesToResponse->handle(Object(Illuminate\Http\Request), Object(Closure))
#38 /usr/local/nginx/html/laravel5/vendor/compiled.php(11738): Illuminate\Pipeline\Pipeline->Illuminate\Pipeline\{closure}(Object(Illuminate\Http\Request))
#39 /usr/local/nginx/html/laravel5/vendor/compiled.php(8944): Illuminate\Cookie\Middleware\EncryptCookies->handle(Object(Illuminate\Http\Request), Object(Closure))
#40 /usr/local/nginx/html/laravel5/vendor/compiled.php(2478): Illuminate\Pipeline\Pipeline->Illuminate\Pipeline\{closure}(Object(Illuminate\Http\Request))
#41 /usr/local/nginx/html/laravel5/vendor/compiled.php(8944): Illuminate\Foundation\Http\Middleware\CheckForMaintenanceMode->handle(Object(Illuminate\Http\Request), Object(Closure))
#42 [internal function]: Illuminate\Pipeline\Pipeline->Illuminate\Pipeline\{closure}(Object(Illuminate\Http\Request))
#43 /usr/local/nginx/html/laravel5/vendor/compiled.php(8935): call_user_func(Object(Closure), Object(Illuminate\Http\Request))
#44 /usr/local/nginx/html/laravel5/vendor/compiled.php(1891): Illuminate\Pipeline\Pipeline->then(Object(Closure))
#45 /usr/local/nginx/html/laravel5/vendor/compiled.php(1880): Illuminate\Foundation\Http\Kernel->sendRequestThroughRouter(Object(Illuminate\Http\Request))
#46 /usr/local/nginx/html/laravel5/public/index.php(53): Illuminate\Foundation\Http\Kernel->handle(Object(Illuminate\Http\Request))
#47 {main}  
[2016-03-30 16:57:31] local.ERROR: exception 'InvalidArgumentException' with message 'View [admin.pages.create] not found.' in /usr/local/nginx/html/laravel5/vendor/compiled.php:12898
Stack trace:
#0 /usr/local/nginx/html/laravel5/vendor/compiled.php(12871): Illuminate\View\FileViewFinder->findInPaths('admin.pages.cre...', Array)
#1 /usr/local/nginx/html/laravel5/vendor/compiled.php(12996): Illuminate\View\FileViewFinder->find('admin.pages.cre...')
#2 /usr/local/nginx/html/laravel5/vendor/laravel/framework/src/Illuminate/Foundation/helpers.php(565): Illuminate\View\Factory->make('admin.pages.cre...', Array, Array)
#3 /usr/local/nginx/html/laravel5/app/Http/Controllers/Admin/PagesController.php(21): view('admin.pages.cre...')
#4 [internal function]: App\Http\Controllers\Admin\PagesController->create()
#5 /usr/local/nginx/html/laravel5/vendor/compiled.php(8287): call_user_func_array(Array, Array)
#6 /usr/local/nginx/html/laravel5/vendor/compiled.php(8354): Illuminate\Routing\Controller->callAction('create', Array)
#7 /usr/local/nginx/html/laravel5/vendor/compiled.php(8333): Illuminate\Routing\ControllerDispatcher->call(Object(App\Http\Controllers\Admin\PagesController), Object(Illuminate\Routing\Route), 'create')
#8 [internal function]: Illuminate\Routing\ControllerDispatcher->Illuminate\Routing\{closure}(Object(Illuminate\Http\Request))
#9 /usr/local/nginx/html/laravel5/vendor/compiled.php(8952): call_user_func(Object(Closure), Object(Illuminate\Http\Request))
#10 [internal function]: Illuminate\Pipeline\Pipeline->Illuminate\Pipeline\{closure}(Object(Illuminate\Http\Request))
#11 /usr/local/nginx/html/laravel5/vendor/compiled.php(8935): call_user_func(Object(Closure), Object(Illuminate\Http\Request))
#12 /usr/local/nginx/html/laravel5/vendor/compiled.php(8334): Illuminate\Pipeline\Pipeline->then(Object(Closure))
#13 /usr/local/nginx/html/laravel5/vendor/compiled.php(8320): Illuminate\Routing\ControllerDispatcher->callWithinStack(Object(App\Http\Controllers\Admin\PagesController), Object(Illuminate\Routing\Route), Object(Illuminate\Http\Request), 'create')
#14 /usr/local/nginx/html/laravel5/vendor/compiled.php(7317): Illuminate\Routing\ControllerDispatcher->dispatch(Object(Illuminate\Routing\Route), Object(Illuminate\Http\Request), 'App\\Http\\Contro...', 'create')
#15 /usr/local/nginx/html/laravel5/vendor/compiled.php(7288): Illuminate\Routing\Route->runWithCustomDispatcher(Object(Illuminate\Http\Request))
#16 /usr/local/nginx/html/laravel5/vendor/compiled.php(6954): Illuminate\Routing\Route->run(Object(Illuminate\Http\Request))
#17 [internal function]: Illuminate\Routing\Router->Illuminate\Routing\{closure}(Object(Illuminate\Http\Request))
#18 /usr/local/nginx/html/laravel5/vendor/compiled.php(8952): call_user_func(Object(Closure), Object(Illuminate\Http\Request))
#19 /usr/local/nginx/html/laravel5/app/Http/Middleware/Authenticate.php(47): Illuminate\Pipeline\Pipeline->Illuminate\Pipeline\{closure}(Object(Illuminate\Http\Request))
#20 /usr/local/nginx/html/laravel5/vendor/compiled.php(8944): App\Http\Middleware\Authenticate->handle(Object(Illuminate\Http\Request), Object(Closure))
#21 [internal function]: Illuminate\Pipeline\Pipeline->Illuminate\Pipeline\{closure}(Object(Illuminate\Http\Request))
#22 /usr/local/nginx/html/laravel5/vendor/compiled.php(8935): call_user_func(Object(Closure), Object(Illuminate\Http\Request))
#23 /usr/local/nginx/html/laravel5/vendor/compiled.php(6955): Illuminate\Pipeline\Pipeline->then(Object(Closure))
#24 /usr/local/nginx/html/laravel5/vendor/compiled.php(6944): Illuminate\Routing\Router->runRouteWithinStack(Object(Illuminate\Routing\Route), Object(Illuminate\Http\Request))
#25 /usr/local/nginx/html/laravel5/vendor/compiled.php(6929): Illuminate\Routing\Router->dispatchToRoute(Object(Illuminate\Http\Request))
#26 /usr/local/nginx/html/laravel5/vendor/compiled.php(1935): Illuminate\Routing\Router->dispatch(Object(Illuminate\Http\Request))
#27 [internal function]: Illuminate\Foundation\Http\Kernel->Illuminate\Foundation\Http\{closure}(Object(Illuminate\Http\Request))
#28 /usr/local/nginx/html/laravel5/vendor/compiled.php(8952): call_user_func(Object(Closure), Object(Illuminate\Http\Request))
#29 /usr/local/nginx/html/laravel5/vendor/compiled.php(2438): Illuminate\Pipeline\Pipeline->Illuminate\Pipeline\{closure}(Object(Illuminate\Http\Request))
#30 /usr/local/nginx/html/laravel5/app/Http/Middleware/VerifyCsrfToken.php(17): Illuminate\Foundation\Http\Middleware\VerifyCsrfToken->handle(Object(Illuminate\Http\Request), Object(Closure))
#31 /usr/local/nginx/html/laravel5/vendor/compiled.php(8944): App\Http\Middleware\VerifyCsrfToken->handle(Object(Illuminate\Http\Request), Object(Closure))
#32 /usr/local/nginx/html/laravel5/vendor/compiled.php(12083): Illuminate\Pipeline\Pipeline->Illuminate\Pipeline\{closure}(Object(Illuminate\Http\Request))
#33 /usr/local/nginx/html/laravel5/vendor/compiled.php(8944): Illuminate\View\Middleware\ShareErrorsFromSession->handle(Object(Illuminate\Http\Request), Object(Closure))
#34 /usr/local/nginx/html/laravel5/vendor/compiled.php(10785): Illuminate\Pipeline\Pipeline->Illuminate\Pipeline\{closure}(Object(Illuminate\Http\Request))
#35 /usr/local/nginx/html/laravel5/vendor/compiled.php(8944): Illuminate\Session\Middleware\StartSession->handle(Object(Illuminate\Http\Request), Object(Closure))
#36 /usr/local/nginx/html/laravel5/vendor/compiled.php(11789): Illuminate\Pipeline\Pipeline->Illuminate\Pipeline\{closure}(Object(Illuminate\Http\Request))
#37 /usr/local/nginx/html/laravel5/vendor/compiled.php(8944): Illuminate\Cookie\Middleware\AddQueuedCookiesToResponse->handle(Object(Illuminate\Http\Request), Object(Closure))
#38 /usr/local/nginx/html/laravel5/vendor/compiled.php(11738): Illuminate\Pipeline\Pipeline->Illuminate\Pipeline\{closure}(Object(Illuminate\Http\Request))
#39 /usr/local/nginx/html/laravel5/vendor/compiled.php(8944): Illuminate\Cookie\Middleware\EncryptCookies->handle(Object(Illuminate\Http\Request), Object(Closure))
#40 /usr/local/nginx/html/laravel5/vendor/compiled.php(2478): Illuminate\Pipeline\Pipeline->Illuminate\Pipeline\{closure}(Object(Illuminate\Http\Request))
#41 /usr/local/nginx/html/laravel5/vendor/compiled.php(8944): Illuminate\Foundation\Http\Middleware\CheckForMaintenanceMode->handle(Object(Illuminate\Http\Request), Object(Closure))
#42 [internal function]: Illuminate\Pipeline\Pipeline->Illuminate\Pipeline\{closure}(Object(Illuminate\Http\Request))
#43 /usr/local/nginx/html/laravel5/vendor/compiled.php(8935): call_user_func(Object(Closure), Object(Illuminate\Http\Request))
#44 /usr/local/nginx/html/laravel5/vendor/compiled.php(1891): Illuminate\Pipeline\Pipeline->then(Object(Closure))
#45 /usr/local/nginx/html/laravel5/vendor/compiled.php(1880): Illuminate\Foundation\Http\Kernel->sendRequestThroughRouter(Object(Illuminate\Http\Request))
#46 /usr/local/nginx/html/laravel5/public/index.php(53): Illuminate\Foundation\Http\Kernel->handle(Object(Illuminate\Http\Request))
#47 {main}  
[2016-03-30 17:00:25] local.ERROR: exception 'InvalidArgumentException' with message 'View [admin.pages.create] not found.' in /usr/local/nginx/html/laravel5/vendor/compiled.php:12898
Stack trace:
#0 /usr/local/nginx/html/laravel5/vendor/compiled.php(12871): Illuminate\View\FileViewFinder->findInPaths('admin.pages.cre...', Array)
#1 /usr/local/nginx/html/laravel5/vendor/compiled.php(12996): Illuminate\View\FileViewFinder->find('admin.pages.cre...')
#2 /usr/local/nginx/html/laravel5/vendor/laravel/framework/src/Illuminate/Foundation/helpers.php(565): Illuminate\View\Factory->make('admin.pages.cre...', Array, Array)
#3 /usr/local/nginx/html/laravel5/app/Http/Controllers/Admin/PagesController.php(21): view('admin.pages.cre...')
#4 [internal function]: App\Http\Controllers\Admin\PagesController->create()
#5 /usr/local/nginx/html/laravel5/vendor/compiled.php(8287): call_user_func_array(Array, Array)
#6 /usr/local/nginx/html/laravel5/vendor/compiled.php(8354): Illuminate\Routing\Controller->callAction('create', Array)
#7 /usr/local/nginx/html/laravel5/vendor/compiled.php(8333): Illuminate\Routing\ControllerDispatcher->call(Object(App\Http\Controllers\Admin\PagesController), Object(Illuminate\Routing\Route), 'create')
#8 [internal function]: Illuminate\Routing\ControllerDispatcher->Illuminate\Routing\{closure}(Object(Illuminate\Http\Request))
#9 /usr/local/nginx/html/laravel5/vendor/compiled.php(8952): call_user_func(Object(Closure), Object(Illuminate\Http\Request))
#10 [internal function]: Illuminate\Pipeline\Pipeline->Illuminate\Pipeline\{closure}(Object(Illuminate\Http\Request))
#11 /usr/local/nginx/html/laravel5/vendor/compiled.php(8935): call_user_func(Object(Closure), Object(Illuminate\Http\Request))
#12 /usr/local/nginx/html/laravel5/vendor/compiled.php(8334): Illuminate\Pipeline\Pipeline->then(Object(Closure))
#13 /usr/local/nginx/html/laravel5/vendor/compiled.php(8320): Illuminate\Routing\ControllerDispatcher->callWithinStack(Object(App\Http\Controllers\Admin\PagesController), Object(Illuminate\Routing\Route), Object(Illuminate\Http\Request), 'create')
#14 /usr/local/nginx/html/laravel5/vendor/compiled.php(7317): Illuminate\Routing\ControllerDispatcher->dispatch(Object(Illuminate\Routing\Route), Object(Illuminate\Http\Request), 'App\\Http\\Contro...', 'create')
#15 /usr/local/nginx/html/laravel5/vendor/compiled.php(7288): Illuminate\Routing\Route->runWithCustomDispatcher(Object(Illuminate\Http\Request))
#16 /usr/local/nginx/html/laravel5/vendor/compiled.php(6954): Illuminate\Routing\Route->run(Object(Illuminate\Http\Request))
#17 [internal function]: Illuminate\Routing\Router->Illuminate\Routing\{closure}(Object(Illuminate\Http\Request))
#18 /usr/local/nginx/html/laravel5/vendor/compiled.php(8952): call_user_func(Object(Closure), Object(Illuminate\Http\Request))
#19 /usr/local/nginx/html/laravel5/app/Http/Middleware/Authenticate.php(47): Illuminate\Pipeline\Pipeline->Illuminate\Pipeline\{closure}(Object(Illuminate\Http\Request))
#20 /usr/local/nginx/html/laravel5/vendor/compiled.php(8944): App\Http\Middleware\Authenticate->handle(Object(Illuminate\Http\Request), Object(Closure))
#21 [internal function]: Illuminate\Pipeline\Pipeline->Illuminate\Pipeline\{closure}(Object(Illuminate\Http\Request))
#22 /usr/local/nginx/html/laravel5/vendor/compiled.php(8935): call_user_func(Object(Closure), Object(Illuminate\Http\Request))
#23 /usr/local/nginx/html/laravel5/vendor/compiled.php(6955): Illuminate\Pipeline\Pipeline->then(Object(Closure))
#24 /usr/local/nginx/html/laravel5/vendor/compiled.php(6944): Illuminate\Routing\Router->runRouteWithinStack(Object(Illuminate\Routing\Route), Object(Illuminate\Http\Request))
#25 /usr/local/nginx/html/laravel5/vendor/compiled.php(6929): Illuminate\Routing\Router->dispatchToRoute(Object(Illuminate\Http\Request))
#26 /usr/local/nginx/html/laravel5/vendor/compiled.php(1935): Illuminate\Routing\Router->dispatch(Object(Illuminate\Http\Request))
#27 [internal function]: Illuminate\Foundation\Http\Kernel->Illuminate\Foundation\Http\{closure}(Object(Illuminate\Http\Request))
#28 /usr/local/nginx/html/laravel5/vendor/compiled.php(8952): call_user_func(Object(Closure), Object(Illuminate\Http\Request))
#29 /usr/local/nginx/html/laravel5/vendor/compiled.php(2438): Illuminate\Pipeline\Pipeline->Illuminate\Pipeline\{closure}(Object(Illuminate\Http\Request))
#30 /usr/local/nginx/html/laravel5/app/Http/Middleware/VerifyCsrfToken.php(17): Illuminate\Foundation\Http\Middleware\VerifyCsrfToken->handle(Object(Illuminate\Http\Request), Object(Closure))
#31 /usr/local/nginx/html/laravel5/vendor/compiled.php(8944): App\Http\Middleware\VerifyCsrfToken->handle(Object(Illuminate\Http\Request), Object(Closure))
#32 /usr/local/nginx/html/laravel5/vendor/compiled.php(12083): Illuminate\Pipeline\Pipeline->Illuminate\Pipeline\{closure}(Object(Illuminate\Http\Request))
#33 /usr/local/nginx/html/laravel5/vendor/compiled.php(8944): Illuminate\View\Middleware\ShareErrorsFromSession->handle(Object(Illuminate\Http\Request), Object(Closure))
#34 /usr/local/nginx/html/laravel5/vendor/compiled.php(10785): Illuminate\Pipeline\Pipeline->Illuminate\Pipeline\{closure}(Object(Illuminate\Http\Request))
#35 /usr/local/nginx/html/laravel5/vendor/compiled.php(8944): Illuminate\Session\Middleware\StartSession->handle(Object(Illuminate\Http\Request), Object(Closure))
#36 /usr/local/nginx/html/laravel5/vendor/compiled.php(11789): Illuminate\Pipeline\Pipeline->Illuminate\Pipeline\{closure}(Object(Illuminate\Http\Request))
#37 /usr/local/nginx/html/laravel5/vendor/compiled.php(8944): Illuminate\Cookie\Middleware\AddQueuedCookiesToResponse->handle(Object(Illuminate\Http\Request), Object(Closure))
#38 /usr/local/nginx/html/laravel5/vendor/compiled.php(11738): Illuminate\Pipeline\Pipeline->Illuminate\Pipeline\{closure}(Object(Illuminate\Http\Request))
#39 /usr/local/nginx/html/laravel5/vendor/compiled.php(8944): Illuminate\Cookie\Middleware\EncryptCookies->handle(Object(Illuminate\Http\Request), Object(Closure))
#40 /usr/local/nginx/html/laravel5/vendor/compiled.php(2478): Illuminate\Pipeline\Pipeline->Illuminate\Pipeline\{closure}(Object(Illuminate\Http\Request))
#41 /usr/local/nginx/html/laravel5/vendor/compiled.php(8944): Illuminate\Foundation\Http\Middleware\CheckForMaintenanceMode->handle(Object(Illuminate\Http\Request), Object(Closure))
#42 [internal function]: Illuminate\Pipeline\Pipeline->Illuminate\Pipeline\{closure}(Object(Illuminate\Http\Request))
#43 /usr/local/nginx/html/laravel5/vendor/compiled.php(8935): call_user_func(Object(Closure), Object(Illuminate\Http\Request))
#44 /usr/local/nginx/html/laravel5/vendor/compiled.php(1891): Illuminate\Pipeline\Pipeline->then(Object(Closure))
#45 /usr/local/nginx/html/laravel5/vendor/compiled.php(1880): Illuminate\Foundation\Http\Kernel->sendRequestThroughRouter(Object(Illuminate\Http\Request))
#46 /usr/local/nginx/html/laravel5/public/index.php(53): Illuminate\Foundation\Http\Kernel->handle(Object(Illuminate\Http\Request))
#47 {main}  
